<?xml version="1.0" encoding="UTF-8"?>
<!-- Generated by org.testng.reporters.JUnitReportReporter -->
<testsuite hostname="DESKTOP-5NKFECA" failures="0" tests="9" name="Selleniun_start_projects.Selleniun_start_projects.AppTest" time="113.025" errors="0" timestamp="4 Mar 2024 14:49:17 GMT">
  <testcase classname="Selleniun_start_projects.Selleniun_start_projects.AppTest" name="Test7" time="52.152"/>
  <testcase classname="Selleniun_start_projects.Selleniun_start_projects.AppTest" name="Test1" time="3.311"/>
  <testcase classname="Selleniun_start_projects.Selleniun_start_projects.AppTest" name="Test6" time="12.573"/>
  <testcase classname="Selleniun_start_projects.Selleniun_start_projects.AppTest" name="Test8" time="21.782"/>
  <testcase classname="Selleniun_start_projects.Selleniun_start_projects.AppTest" name="Test9" time="3.113"/>
  <testcase classname="Selleniun_start_projects.Selleniun_start_projects.AppTest" name="Test5" time="8.032"/>
  <testcase classname="Selleniun_start_projects.Selleniun_start_projects.AppTest" name="Test3" time="4.564"/>
  <testcase classname="Selleniun_start_projects.Selleniun_start_projects.AppTest" name="Test4" time="4.544"/>
  <testcase classname="Selleniun_start_projects.Selleniun_start_projects.AppTest" name="Test2" time="2.954"/>
</testsuite> <!-- Selleniun_start_projects.Selleniun_start_projects.AppTest -->
